C:\USERS\JOHN\DOCUMENTS\VISUAL STUDIO 2012\PROJECTS\QUAD COPTER VOICE COMMANDS\QUAD COPTER VOICE COMMANDS\DEBUG\QUADVOICEMAIN.OBJ
C:\USERS\JOHN\DOCUMENTS\VISUAL STUDIO 2012\PROJECTS\QUAD COPTER VOICE COMMANDS\QUAD COPTER VOICE COMMANDS\DEBUG\VC110.PDB
C:\USERS\JOHN\DOCUMENTS\VISUAL STUDIO 2012\PROJECTS\QUAD COPTER VOICE COMMANDS\QUAD COPTER VOICE COMMANDS\DEBUG\VOICECOMMAND.OBJ
C:\USERS\JOHN\DOCUMENTS\VISUAL STUDIO 2012\PROJECTS\QUAD COPTER VOICE COMMANDS\DEBUG\QUAD COPTER VOICE COMMANDS.ILK
C:\USERS\JOHN\DOCUMENTS\VISUAL STUDIO 2012\PROJECTS\QUAD COPTER VOICE COMMANDS\DEBUG\QUAD COPTER VOICE COMMANDS.EXE
C:\USERS\JOHN\DOCUMENTS\VISUAL STUDIO 2012\PROJECTS\QUAD COPTER VOICE COMMANDS\DEBUG\QUAD COPTER VOICE COMMANDS.PDB
C:\Users\John\Documents\Visual Studio 2012\Projects\Quad Copter Voice Commands\Quad Copter Voice Commands\Debug\QuadVoiceMain.obj
C:\Users\John\Documents\Visual Studio 2012\Projects\Quad Copter Voice Commands\Quad Copter Voice Commands\Debug\VoiceCommand.obj
C:\Users\John\Documents\Visual Studio 2012\Projects\Quad Copter Voice Commands\Quad Copter Voice Commands\Debug\cl.command.1.tlog
C:\Users\John\Documents\Visual Studio 2012\Projects\Quad Copter Voice Commands\Quad Copter Voice Commands\Debug\CL.read.1.tlog
C:\Users\John\Documents\Visual Studio 2012\Projects\Quad Copter Voice Commands\Quad Copter Voice Commands\Debug\CL.write.1.tlog
C:\Users\John\Documents\Visual Studio 2012\Projects\Quad Copter Voice Commands\Quad Copter Voice Commands\Debug\link-cvtres.read.1.tlog
C:\Users\John\Documents\Visual Studio 2012\Projects\Quad Copter Voice Commands\Quad Copter Voice Commands\Debug\link-cvtres.write.1.tlog
C:\Users\John\Documents\Visual Studio 2012\Projects\Quad Copter Voice Commands\Quad Copter Voice Commands\Debug\link-rc.read.1.tlog
C:\Users\John\Documents\Visual Studio 2012\Projects\Quad Copter Voice Commands\Quad Copter Voice Commands\Debug\link-rc.write.1.tlog
C:\Users\John\Documents\Visual Studio 2012\Projects\Quad Copter Voice Commands\Quad Copter Voice Commands\Debug\link.1460-cvtres.read.1.tlog
C:\Users\John\Documents\Visual Studio 2012\Projects\Quad Copter Voice Commands\Quad Copter Voice Commands\Debug\link.1460-cvtres.write.1.tlog
C:\Users\John\Documents\Visual Studio 2012\Projects\Quad Copter Voice Commands\Quad Copter Voice Commands\Debug\link.1460-rc.read.1.tlog
C:\Users\John\Documents\Visual Studio 2012\Projects\Quad Copter Voice Commands\Quad Copter Voice Commands\Debug\link.1460-rc.write.1.tlog
C:\Users\John\Documents\Visual Studio 2012\Projects\Quad Copter Voice Commands\Quad Copter Voice Commands\Debug\link.1460.read.1.tlog
C:\Users\John\Documents\Visual Studio 2012\Projects\Quad Copter Voice Commands\Quad Copter Voice Commands\Debug\link.1460.write.1.tlog
C:\Users\John\Documents\Visual Studio 2012\Projects\Quad Copter Voice Commands\Quad Copter Voice Commands\Debug\link.command.1.tlog
C:\Users\John\Documents\Visual Studio 2012\Projects\Quad Copter Voice Commands\Quad Copter Voice Commands\Debug\link.read.1.tlog
C:\Users\John\Documents\Visual Studio 2012\Projects\Quad Copter Voice Commands\Quad Copter Voice Commands\Debug\link.write.1.tlog
C:\Users\John\Documents\Visual Studio 2012\Projects\Quad Copter Voice Commands\Quad Copter Voice Commands\Debug\vc110.idb
C:\Users\John\Documents\Visual Studio 2012\Projects\Quad Copter Voice Commands\Quad Copter Voice Commands\Debug\vc110.pdb
C:\Users\John\Documents\Visual Studio 2012\Projects\Quad Copter Voice Commands\Debug\Quad Copter Voice Commands.pdb
C:\Users\John\Documents\Visual Studio 2012\Projects\Quad Copter Voice Commands\Debug\Quad Copter Voice Commands.exe
C:\Users\John\Documents\Visual Studio 2012\Projects\Quad Copter Voice Commands\Debug\Quad Copter Voice Commands.ilk
